c:\users\kudry\onedrive\документы\windows_version\secp256k1_lib\secp256k1_lib\x64\release\vc143.pdb
c:\users\kudry\onedrive\документы\windows_version\secp256k1_lib\secp256k1_lib\x64\release\timer.obj
c:\users\kudry\onedrive\документы\windows_version\secp256k1_lib\secp256k1_lib\x64\release\secp256k1_lib.obj
c:\users\kudry\onedrive\документы\windows_version\secp256k1_lib\secp256k1_lib\x64\release\secp256k1.obj
c:\users\kudry\onedrive\документы\windows_version\secp256k1_lib\secp256k1_lib\x64\release\random.obj
c:\users\kudry\onedrive\документы\windows_version\secp256k1_lib\secp256k1_lib\x64\release\point.obj
c:\users\kudry\onedrive\документы\windows_version\secp256k1_lib\secp256k1_lib\x64\release\intmod.obj
c:\users\kudry\onedrive\документы\windows_version\secp256k1_lib\secp256k1_lib\x64\release\intgroup.obj
c:\users\kudry\onedrive\документы\windows_version\secp256k1_lib\secp256k1_lib\x64\release\int.obj
c:\users\kudry\onedrive\документы\windows_version\secp256k1_lib\secp256k1_lib\x64\release\sha512.obj
c:\users\kudry\onedrive\документы\windows_version\secp256k1_lib\secp256k1_lib\x64\release\sha256.obj
c:\users\kudry\onedrive\документы\windows_version\secp256k1_lib\secp256k1_lib\x64\release\ripemd160.obj
c:\users\kudry\onedrive\документы\windows_version\secp256k1_lib\secp256k1_lib\x64\release\bloom.obj
c:\users\kudry\onedrive\документы\windows_version\secp256k1_lib\secp256k1_lib\x64\release\bech32.obj
c:\users\kudry\onedrive\документы\windows_version\secp256k1_lib\secp256k1_lib\x64\release\base58.obj
c:\users\kudry\onedrive\документы\windows_version\secp256k1_lib\x64\release\secp256k1_lib.dll
c:\users\kudry\onedrive\документы\windows_version\secp256k1_lib\x64\release\secp256k1_lib.pdb
c:\users\kudry\onedrive\документы\windows_version\secp256k1_lib\x64\release\secp256k1_lib.lib
c:\users\kudry\onedrive\документы\windows_version\secp256k1_lib\x64\release\secp256k1_lib.exp
c:\users\kudry\onedrive\документы\windows_version\secp256k1_lib\secp256k1_lib\x64\release\secp256k1_lib.ipdb
c:\users\kudry\onedrive\документы\windows_version\secp256k1_lib\secp256k1_lib\x64\release\secp256k1_lib.iobj
c:\users\kudry\onedrive\документы\windows_version\secp256k1_lib\secp256k1_lib\x64\release\secp256k1_lib.tlog\cl.command.1.tlog
c:\users\kudry\onedrive\документы\windows_version\secp256k1_lib\secp256k1_lib\x64\release\secp256k1_lib.tlog\cl.items.tlog
c:\users\kudry\onedrive\документы\windows_version\secp256k1_lib\secp256k1_lib\x64\release\secp256k1_lib.tlog\cl.read.1.tlog
c:\users\kudry\onedrive\документы\windows_version\secp256k1_lib\secp256k1_lib\x64\release\secp256k1_lib.tlog\cl.write.1.tlog
c:\users\kudry\onedrive\документы\windows_version\secp256k1_lib\secp256k1_lib\x64\release\secp256k1_lib.tlog\link.command.1.tlog
c:\users\kudry\onedrive\документы\windows_version\secp256k1_lib\secp256k1_lib\x64\release\secp256k1_lib.tlog\link.read.1.tlog
c:\users\kudry\onedrive\документы\windows_version\secp256k1_lib\secp256k1_lib\x64\release\secp256k1_lib.tlog\link.secondary.1.tlog
c:\users\kudry\onedrive\документы\windows_version\secp256k1_lib\secp256k1_lib\x64\release\secp256k1_lib.tlog\link.write.1.tlog
