  Base58.cpp
  Bech32.cpp
  Bloom.cpp
  ripemd160.cpp
  sha256.cpp
  sha512.cpp
  Int.cpp
  IntGroup.cpp
  IntMod.cpp
  Point.cpp
  Random.cpp
  SECP256K1.cpp
  secp256k1_lib.cpp
  Timer.cpp
     Creating library C:\Users\kudry\OneDrive\Документы\windows_version\secp256k1_lib\x64\Release\secp256k1_lib.lib and object C:\Users\kudry\OneDrive\Документы\windows_version\secp256k1_lib\x64\Release\secp256k1_lib.exp
  Generating code
  Previous IPDB not found, fall back to full compilation.
  All 358 functions were compiled because no usable IPDB/IOBJ from previous compilation was found.
  Finished generating code
  secp256k1.vcxproj -> C:\Users\kudry\OneDrive\Документы\windows_version\secp256k1_lib\x64\Release\secp256k1_lib.dll
